  Anti-Flag.cpp
  The contents of <filesystem> are available only with C++17 or later.
F:\Repositories\Ow-Anti-Flag\Anti-Flag\Help.hpp(124,15): error C2039: 'vector': is not a member of 'std'
F:\Development\Tools\VSCommunity 2019\VC\Tools\MSVC\14.29.30133\include\codecvt(23): message : see declaration of 'std'
F:\Repositories\Ow-Anti-Flag\Anti-Flag\Help.hpp(124,21): error C2143: syntax error: missing ';' before '<'
F:\Repositories\Ow-Anti-Flag\Anti-Flag\Help.hpp(124,21): error C4430: missing type specifier - int assumed. Note: C++ does not support default-int
F:\Repositories\Ow-Anti-Flag\Anti-Flag\Help.hpp(125,3): error C2334: unexpected token(s) preceding '{'; skipping apparent function body
F:\Repositories\Ow-Anti-Flag\Anti-Flag\Help.hpp(176,9): error C3083: 'filesystem': the symbol to the left of a '::' must be a type
F:\Repositories\Ow-Anti-Flag\Anti-Flag\Help.hpp(176,21): error C2039: 'path': is not a member of 'std'
F:\Development\Tools\VSCommunity 2019\VC\Tools\MSVC\14.29.30133\include\codecvt(23): message : see declaration of 'std'
F:\Repositories\Ow-Anti-Flag\Anti-Flag\Help.hpp(176,1): error C2065: 'path': undeclared identifier
F:\Repositories\Ow-Anti-Flag\Anti-Flag\Help.hpp(176,26): error C2146: syntax error: missing ';' before identifier 'p'
F:\Repositories\Ow-Anti-Flag\Anti-Flag\Help.hpp(176,26): error C2065: 'p': undeclared identifier
F:\Repositories\Ow-Anti-Flag\Anti-Flag\Help.hpp(178,16): error C3083: 'filesystem': the symbol to the left of a '::' must be a type
F:\Repositories\Ow-Anti-Flag\Anti-Flag\Help.hpp(178,28): error C2039: 'exists': is not a member of 'std'
F:\Development\Tools\VSCommunity 2019\VC\Tools\MSVC\14.29.30133\include\codecvt(23): message : see declaration of 'std'
F:\Repositories\Ow-Anti-Flag\Anti-Flag\Help.hpp(178,35): error C2065: 'p': undeclared identifier
F:\Repositories\Ow-Anti-Flag\Anti-Flag\Help.hpp(178,1): error C3861: 'exists': identifier not found
F:\Repositories\Ow-Anti-Flag\Anti-Flag\Overwatch.hpp(21,22): error C2039: 'filesystem': is not a member of 'std'
F:\Development\Tools\VSCommunity 2019\VC\Tools\MSVC\14.29.30133\include\list(24): message : see declaration of 'std'
F:\Repositories\Ow-Anti-Flag\Anti-Flag\Overwatch.hpp(21,32): error C2878: 'filesystem': a namespace or class of this name does not exist
F:\Repositories\Ow-Anti-Flag\Anti-Flag\Overwatch.hpp(83,9): error C2653: 'fs': is not a class or namespace name
F:\Repositories\Ow-Anti-Flag\Anti-Flag\Overwatch.hpp(83,13): error C3861: 'exists': identifier not found
F:\Repositories\Ow-Anti-Flag\Anti-Flag\Overwatch.hpp(88,31): error C2653: 'fs': is not a class or namespace name
F:\Repositories\Ow-Anti-Flag\Anti-Flag\Overwatch.hpp(88,35): error C3861: 'directory_iterator': identifier not found
F:\Repositories\Ow-Anti-Flag\Anti-Flag\Overwatch.hpp(88,53): error C2672: 'begin': no matching overloaded function found
F:\Repositories\Ow-Anti-Flag\Anti-Flag\Overwatch.hpp(88,1): error C2893: Failed to specialize function template 'unknown-type std::begin(_Container &)'
F:\Development\Tools\VSCommunity 2019\VC\Tools\MSVC\14.29.30133\include\xutility(1916): message : see declaration of 'std::begin'
F:\Repositories\Ow-Anti-Flag\Anti-Flag\Overwatch.hpp(88,1): message : With the following template arguments:
F:\Repositories\Ow-Anti-Flag\Anti-Flag\Overwatch.hpp(88,1): message : '_Container=unknown-type'
F:\Repositories\Ow-Anti-Flag\Anti-Flag\Overwatch.hpp(88,1): error C2784: 'const _Elem *std::begin(std::initializer_list<_Elem>) noexcept': could not deduce template argument for 'std::initializer_list<_Elem>' from 'unknown-type'
F:\Development\Tools\VSCommunity 2019\VC\Tools\MSVC\14.29.30133\include\initializer_list(57): message : see declaration of 'std::begin'
F:\Repositories\Ow-Anti-Flag\Anti-Flag\Overwatch.hpp(88,53): error C2672: 'end': no matching overloaded function found
F:\Repositories\Ow-Anti-Flag\Anti-Flag\Overwatch.hpp(88,1): error C2893: Failed to specialize function template 'unknown-type std::end(_Container &)'
F:\Development\Tools\VSCommunity 2019\VC\Tools\MSVC\14.29.30133\include\xutility(1926): message : see declaration of 'std::end'
F:\Repositories\Ow-Anti-Flag\Anti-Flag\Overwatch.hpp(88,1): message : With the following template arguments:
F:\Repositories\Ow-Anti-Flag\Anti-Flag\Overwatch.hpp(88,1): message : '_Container=unknown-type'
F:\Repositories\Ow-Anti-Flag\Anti-Flag\Overwatch.hpp(88,1): error C2784: 'const _Elem *std::end(std::initializer_list<_Elem>) noexcept': could not deduce template argument for 'std::initializer_list<_Elem>' from 'unknown-type'
F:\Development\Tools\VSCommunity 2019\VC\Tools\MSVC\14.29.30133\include\initializer_list(63): message : see declaration of 'std::end'
F:\Repositories\Ow-Anti-Flag\Anti-Flag\Overwatch.hpp(88,1): error C3536: '<begin>$L0': cannot be used before it is initialized
F:\Repositories\Ow-Anti-Flag\Anti-Flag\Overwatch.hpp(88,1): error C3536: '<end>$L0': cannot be used before it is initialized
F:\Repositories\Ow-Anti-Flag\Anti-Flag\Overwatch.hpp(88,65): error C2100: illegal indirection
F:\Repositories\Ow-Anti-Flag\Anti-Flag\Overwatch.hpp(94,25): error C2039: 'split': is not a member of '`anonymous-namespace'::Help'
F:\Repositories\Ow-Anti-Flag\Anti-Flag\Help.hpp(41): message : see declaration of '`anonymous-namespace'::Help'
F:\Repositories\Ow-Anti-Flag\Anti-Flag\Overwatch.hpp(94,1): error C3536: 'path': cannot be used before it is initialized
F:\Repositories\Ow-Anti-Flag\Anti-Flag\Overwatch.hpp(94,1): error C3861: 'split': identifier not found
F:\Repositories\Ow-Anti-Flag\Anti-Flag\Overwatch.hpp(97,1): error C3536: 'folder': cannot be used before it is initialized
F:\Repositories\Ow-Anti-Flag\Anti-Flag\Overwatch.hpp(100,32): error C2039: 'split': is not a member of '`anonymous-namespace'::Help'
F:\Repositories\Ow-Anti-Flag\Anti-Flag\Help.hpp(41): message : see declaration of '`anonymous-namespace'::Help'
F:\Repositories\Ow-Anti-Flag\Anti-Flag\Overwatch.hpp(100,1): error C3861: 'split': identifier not found
F:\Repositories\Ow-Anti-Flag\Anti-Flag\Overwatch.hpp(109,31): error C2653: 'fs': is not a class or namespace name
F:\Repositories\Ow-Anti-Flag\Anti-Flag\Overwatch.hpp(109,35): error C3861: 'directory_iterator': identifier not found
F:\Repositories\Ow-Anti-Flag\Anti-Flag\Overwatch.hpp(109,53): error C2672: 'begin': no matching overloaded function found
F:\Repositories\Ow-Anti-Flag\Anti-Flag\Overwatch.hpp(109,1): error C2893: Failed to specialize function template 'unknown-type std::begin(_Container &)'
F:\Development\Tools\VSCommunity 2019\VC\Tools\MSVC\14.29.30133\include\xutility(1916): message : see declaration of 'std::begin'
F:\Repositories\Ow-Anti-Flag\Anti-Flag\Overwatch.hpp(109,1): message : With the following template arguments:
F:\Repositories\Ow-Anti-Flag\Anti-Flag\Overwatch.hpp(109,1): message : '_Container=unknown-type'
F:\Repositories\Ow-Anti-Flag\Anti-Flag\Overwatch.hpp(109,1): error C2784: 'const _Elem *std::begin(std::initializer_list<_Elem>) noexcept': could not deduce template argument for 'std::initializer_list<_Elem>' from 'unknown-type'
F:\Development\Tools\VSCommunity 2019\VC\Tools\MSVC\14.29.30133\include\initializer_list(57): message : see declaration of 'std::begin'
F:\Repositories\Ow-Anti-Flag\Anti-Flag\Overwatch.hpp(109,53): error C2672: 'end': no matching overloaded function found
F:\Repositories\Ow-Anti-Flag\Anti-Flag\Overwatch.hpp(109,1): error C2893: Failed to specialize function template 'unknown-type std::end(_Container &)'
F:\Development\Tools\VSCommunity 2019\VC\Tools\MSVC\14.29.30133\include\xutility(1926): message : see declaration of 'std::end'
F:\Repositories\Ow-Anti-Flag\Anti-Flag\Overwatch.hpp(109,1): message : With the following template arguments:
F:\Repositories\Ow-Anti-Flag\Anti-Flag\Overwatch.hpp(109,1): message : '_Container=unknown-type'
F:\Repositories\Ow-Anti-Flag\Anti-Flag\Overwatch.hpp(109,1): error C2784: 'const _Elem *std::end(std::initializer_list<_Elem>) noexcept': could not deduce template argument for 'std::initializer_list<_Elem>' from 'unknown-type'
F:\Development\Tools\VSCommunity 2019\VC\Tools\MSVC\14.29.30133\include\initializer_list(63): message : see declaration of 'std::end'
F:\Repositories\Ow-Anti-Flag\Anti-Flag\Overwatch.hpp(109,1): error C3536: '<begin>$L1': cannot be used before it is initialized
F:\Repositories\Ow-Anti-Flag\Anti-Flag\Overwatch.hpp(109,1): error C3536: '<end>$L1': cannot be used before it is initialized
F:\Repositories\Ow-Anti-Flag\Anti-Flag\Overwatch.hpp(109,65): error C2100: illegal indirection
F:\Repositories\Ow-Anti-Flag\Anti-Flag\Overwatch.hpp(115,25): error C2039: 'split': is not a member of '`anonymous-namespace'::Help'
F:\Repositories\Ow-Anti-Flag\Anti-Flag\Help.hpp(41): message : see declaration of '`anonymous-namespace'::Help'
F:\Repositories\Ow-Anti-Flag\Anti-Flag\Overwatch.hpp(115,1): error C3536: 'path': cannot be used before it is initialized
F:\Repositories\Ow-Anti-Flag\Anti-Flag\Overwatch.hpp(115,1): error C3861: 'split': identifier not found
F:\Repositories\Ow-Anti-Flag\Anti-Flag\Overwatch.hpp(118,1): error C3536: 'folder': cannot be used before it is initialized
F:\Repositories\Ow-Anti-Flag\Anti-Flag\Overwatch.hpp(121,1): error C2678: binary '!=': no operator found which takes a left-hand operand of type 'int' (or there is no acceptable conversion)
C:\Program Files (x86)\Windows Kits\10\Include\10.0.20348.0\shared\guiddef.h(197,15): message : could be 'bool operator !=(const GUID &,const GUID &)'
F:\Repositories\Ow-Anti-Flag\Anti-Flag\Overwatch.hpp(121,1): message : while trying to match the argument list '(int, std::string)'
F:\Repositories\Ow-Anti-Flag\Anti-Flag\Overwatch.hpp(123,1): error C2664: 'void `anonymous-namespace'::Help::RemDir(std::string)': cannot convert argument 1 from 'int' to 'std::string'
F:\Repositories\Ow-Anti-Flag\Anti-Flag\Overwatch.hpp(123,1): message : No constructor could take the source type, or constructor overload resolution was ambiguous
F:\Repositories\Ow-Anti-Flag\Anti-Flag\Help.hpp(192,15): message : see declaration of '`anonymous-namespace'::Help::RemDir'
F:\Repositories\Ow-Anti-Flag\Anti-Flag\WinRename.hpp(16,40): error C3083: 'filesystem': the symbol to the left of a '::' must be a type
F:\Repositories\Ow-Anti-Flag\Anti-Flag\WinRename.hpp(16,52): error C2039: 'temp_directory_path': is not a member of 'std'
F:\Development\Tools\VSCommunity 2019\VC\Tools\MSVC\14.29.30133\include\list(24): message : see declaration of 'std'
F:\Repositories\Ow-Anti-Flag\Anti-Flag\WinRename.hpp(16,1): error C3861: 'temp_directory_path': identifier not found
F:\Repositories\Ow-Anti-Flag\Anti-Flag\Net.hpp(46,4): warning C4129: 'D': unrecognized character escape sequence
